[36m--[0m Using CATKIN_DEVEL_PREFIX: /home/moos-dawg/my_moos_dawg/catkin_ws/devel/.private/roslibpy_project
[36m--[0m Using CMAKE_PREFIX_PATH: /home/moos-dawg/my_moos_dawg/catkin_ws/devel;/opt/ros/noetic
[36m--[0m This workspace overlays: /home/moos-dawg/my_moos_dawg/catkin_ws/devel;/opt/ros/noetic
[36m--[0m Found PythonInterp: /usr/bin/python3 (found suitable version "3.8.10", minimum required is "3")
[36m--[0m Using PYTHON_EXECUTABLE: /usr/bin/python3
[36m--[0m Using Debian Python package layout
[36m--[0m Using empy: /usr/lib/python3/dist-packages/em.py
[36m--[0m Using CATKIN_ENABLE_TESTING: ON
[36m--[0m Call enable_testing()
[36m--[0m Using CATKIN_TEST_RESULTS_DIR: /home/moos-dawg/my_moos_dawg/catkin_ws/build/roslibpy_project/test_results
[36m--[0m Forcing gtest/gmock from source, though one was otherwise available.
[36m--[0m Found gtest sources under '/usr/src/googletest': gtests will be built
[36m--[0m Found gmock sources under '/usr/src/googletest': gmock will be built
[36m--[0m Found PythonInterp: /usr/bin/python3 (found version "3.8.10")
[36m--[0m Using Python nosetests: /usr/bin/nosetests3
[36m--[0m catkin 0.8.10
[36m--[0m BUILD_SHARED_LIBS is on
[31m[1mCMake Error[0m at /opt/ros/noetic/share/catkin/cmake/stamp.cmake:10 (configure_file):
  configure_file input location

    /home/moos-dawg/my_moos_dawg/catkin_ws/src/roslibpy_project/src

  is a directory but a file was expected.
[36mCall Stack (most recent call first):[0m
  /opt/ros/noetic/share/catkin/cmake/catkin_install_python.cmake:27 (stamp)
  CMakeLists.txt:162 (catkin_install_python)


[31m[1mCMake Error[0m at /opt/ros/noetic/share/catkin/cmake/catkin_install_python.cmake:48 (file):
  file failed to open for writing (Is a directory):

    /home/moos-dawg/my_moos_dawg/catkin_ws/build/roslibpy_project/catkin_generated/installspace/src
[36mCall Stack (most recent call first):[0m
  CMakeLists.txt:162 (catkin_install_python)


[31m[1mCMake Error[0m at /opt/ros/noetic/share/catkin/cmake/custom_install.cmake:13 (_install):
  _install PROGRAMS given directory
  "/home/moos-dawg/my_moos_dawg/catkin_ws/build/roslibpy_project/catkin_generated/installspace/src"
  to install.
[36mCall Stack (most recent call first):[0m
  /opt/ros/noetic/share/catkin/cmake/catkin_install_python.cmake:59 (install)
  CMakeLists.txt:162 (catkin_install_python)


[36m--[0m Installing devel-space wrapper /home/moos-dawg/my_moos_dawg/catkin_ws/src/roslibpy_project/src to /home/moos-dawg/my_moos_dawg/catkin_ws/devel/.private/roslibpy_project/lib/roslibpy_project
[36m--[0m Configuring incomplete, errors occurred!
See also "/home/moos-dawg/my_moos_dawg/catkin_ws/build/roslibpy_project/CMakeFiles/CMakeOutput.log".
See also "/home/moos-dawg/my_moos_dawg/catkin_ws/build/roslibpy_project/CMakeFiles/CMakeError.log".
make: *** [Makefile:530: cmake_check_build_system] Error 1
